[debug] [2021-12-06T05:55:42.792Z] ----------------------------------------------------------------------
[debug] [2021-12-06T05:55:42.795Z] Command:       /usr/local/bin/node /usr/local/bin/firebase init hosting
[debug] [2021-12-06T05:55:42.795Z] CLI Version:   9.21.0
[debug] [2021-12-06T05:55:42.795Z] Platform:      darwin
[debug] [2021-12-06T05:55:42.795Z] Node Version:  v14.18.0
[debug] [2021-12-06T05:55:42.800Z] Time:          Sun Dec 05 2021 23:55:42 GMT-0600 (Central Standard Time)
[debug] [2021-12-06T05:55:42.800Z] ----------------------------------------------------------------------
[debug] 
[debug] [2021-12-06T05:55:42.855Z] > command requires scopes: ["email","openid","https://www.googleapis.com/auth/cloudplatformprojects.readonly","https://www.googleapis.com/auth/firebase","https://www.googleapis.com/auth/cloud-platform"]
[debug] [2021-12-06T05:55:42.855Z] > authorizing via signed-in user (katelyn.k.itano@vanderbilt.edu)
[info] 
     ######## #### ########  ######## ########     ###     ######  ########
     ##        ##  ##     ## ##       ##     ##  ##   ##  ##       ##
     ######    ##  ########  ######   ########  #########  ######  ######
     ##        ##  ##    ##  ##       ##     ## ##     ##       ## ##
     ##       #### ##     ## ######## ########  ##     ##  ######  ########

You're about to initialize a Firebase project in this directory:

  /Users/kkitano/Documents/GitHub/VolleyVision/volleyvision-app

Before we get started, keep in mind:

  * You are initializing within an existing Firebase project directory

[info] 
=== Project Setup
[info] 
[info] First, let's associate this project directory with a Firebase project.
[info] You can create multiple project aliases by running firebase use --add, 
[info] but for now we'll just set up a default project.
[info] 
[info] i  .firebaserc already has a default project, using volleyvision-e6c88. 
[debug] [2021-12-06T05:55:42.861Z] > refreshing access token with scopes: []
[debug] [2021-12-06T05:55:42.862Z] >>> HTTP REQUEST POST https://www.googleapis.com/oauth2/v3/token  
 <request body omitted>
[debug] [2021-12-06T05:55:42.982Z] <<< HTTP RESPONSE 200 {"cache-control":"no-cache, no-store, max-age=0, must-revalidate","date":"Mon, 06 Dec 2021 05:55:42 GMT","expires":"Mon, 01 Jan 1990 00:00:00 GMT","pragma":"no-cache","content-type":"application/json; charset=utf-8","vary":"X-Origin, Referer, Origin,Accept-Encoding","server":"scaffolding on HTTPServer2","x-xss-protection":"0","x-frame-options":"SAMEORIGIN","x-content-type-options":"nosniff","alt-svc":"h3=\":443\"; ma=2592000,h3-29=\":443\"; ma=2592000,h3-Q050=\":443\"; ma=2592000,h3-Q046=\":443\"; ma=2592000,h3-Q043=\":443\"; ma=2592000,quic=\":443\"; ma=2592000; v=\"46,43\"","accept-ranges":"none","transfer-encoding":"chunked"}
[debug] [2021-12-06T05:55:43.021Z] >>> [apiv2][query] GET https://firebase.googleapis.com/v1beta1/projects/volleyvision-e6c88 [none]
[debug] [2021-12-06T05:55:43.208Z] <<< [apiv2][status] GET https://firebase.googleapis.com/v1beta1/projects/volleyvision-e6c88 200
[debug] [2021-12-06T05:55:43.208Z] <<< [apiv2][body] GET https://firebase.googleapis.com/v1beta1/projects/volleyvision-e6c88 {"projectId":"volleyvision-e6c88","projectNumber":"810069680059","displayName":"VolleyVision","name":"projects/volleyvision-e6c88","resources":{"hostingSite":"volleyvision-e6c88","realtimeDatabaseInstance":"volleyvision-e6c88-default-rtdb","storageBucket":"volleyvision-e6c88.appspot.com","locationId":"us-central"},"state":"ACTIVE"}
[info] 
=== Hosting Setup
[info] 
[info] Your public directory is the folder (relative to your project directory) that
[info] will contain Hosting assets to be uploaded with firebase deploy. If you
[info] have a build process for your assets, use your build's output directory.
[info] 
